Setting Default Parameters...
Parsing Configfile jm\encoder_intra_main.cfg..............................................................................................................................................................................................................................................................................................
Parsing command line string 'InputFile = hall_qcif.yuv'.
Parsing command line string 'ReconFile = rec.yuv'.
Parsing command line string 'FramesToBeEncoded = 75'.
Parsing command line string 'QPISlice = 24'.
Parsing command line string 'FrameSkip = 1'.
Parsing command line string 'SourceWidth = 176'.
Parsing command line string 'SourceHeight = 144'.

------------------------------- JM 18.1 (FRExt) -------------------------------
 Input YUV file                    : hall_qcif.yuv 
 Output H.264 bitstream            : test.264 
 Output YUV file                   : rec.yuv 
 YUV Format                        : YUV 4:2:0 
 Frames to be encoded              : 75
 Freq. for encoded bitstream       : 15.00
 PicInterlace / MbInterlace        : 0/0
 Transform8x8Mode                  : 0
 ME Metric for Refinement Level 0  : SAD
 ME Metric for Refinement Level 1  : Hadamard SAD
 ME Metric for Refinement Level 2  : Hadamard SAD
 Mode Decision Metric              : Hadamard SAD
 Motion Estimation for components  : Y
 Image format                      : 176x144 (176x144)
 Error robustness                  : Off
 Search range                      : 32
 Total number of references        : 5
 References for P slices           : 5
 References for B slices (L0, L1)  : 5, 1
 Sequence type                     : IIII (QP: I 24) 
 Entropy coding method             : CABAC
 Profile/Level IDC                 : (77,40)
 Motion Estimation Scheme          : Fast Full Search
 Search range restrictions         : none
 RD-optimized mode decision        : used
 Data Partitioning Mode            : 1 partition 
 Output File Format                : H.264/AVC Annex B Byte Stream Format 
-------------------------------------------------------------------------------
Frame     Bit/pic    QP   SnrY    SnrU    SnrV    Time(ms) MET(ms) Frm/Fld Ref  
-------------------------------------------------------------------------------
00000(NVB)     176 
00000(IDR)   29664   24  41.038  41.951  43.222        28       0    FRM    3
00002( I )   30096   24  41.173  42.031  42.905        26       0    FRM    2
00004( I )   30104   24  41.283  42.025  43.075        32       0    FRM    2
00006( I )   30432   24  41.313  41.957  43.151        27       0    FRM    2
00008( I )   30848   24  41.260  41.951  43.287        27       0    FRM    2
00010( I )   31976   24  41.226  41.910  42.868        31       0    FRM    2
00012( I )   32504   24  41.254  41.860  43.452        25       0    FRM    2
00014( I )   32344   24  41.195  41.846  42.857        28       0    FRM    2
00016( I )   32272   24  41.281  41.817  43.198        28       0    FRM    2
00018( I )   32200   24  41.285  41.671  42.987        26       0    FRM    2
00020( I )   32592   24  41.181  41.866  42.852        27       0    FRM    2
00022( I )   32568   24  41.376  41.864  43.009        26       0    FRM    2
00024( I )   32152   24  41.283  41.608  42.988        26       0    FRM    2
00026( I )   31944   24  41.412  41.835  43.111        26       0    FRM    2
00028( I )   31992   24  41.370  41.880  43.054        26       0    FRM    2
00030( I )   32216   24  41.337  41.752  42.858        40       0    FRM    2
00032( I )   32304   24  41.398  41.851  43.023        30       0    FRM    2
00034( I )   32048   24  41.331  41.708  42.750        28       0    FRM    2
00036( I )   32112   24  41.350  41.788  42.950        28       0    FRM    2
00038( I )   32048   24  41.400  41.867  42.975        27       0    FRM    2
00040( I )   32072   24  41.307  41.457  42.834        27       0    FRM    2
00042( I )   32152   24  41.379  41.735  42.962        26       0    FRM    2
00044( I )   32200   24  41.346  41.909  42.901        30       0    FRM    2
00046( I )   32464   24  41.273  41.788  42.866        26       0    FRM    2
00048( I )   32560   24  41.299  41.631  43.006        26       0    FRM    2
00050( I )   32744   24  41.342  41.720  42.988        28       0    FRM    2
00052( I )   32768   24  41.286  41.512  43.024        26       0    FRM    2
00054( I )   33048   24  41.224  41.884  43.100        28       0    FRM    2
00056( I )   32744   24  41.287  41.910  43.096        26       0    FRM    2
00058( I )   33056   24  41.249  41.739  43.047        25       0    FRM    2
00060( I )   32984   24  41.273  41.832  43.016        25       0    FRM    2
00062( I )   33000   24  41.255  41.808  42.999        28       0    FRM    2
00064( I )   32784   24  41.219  41.735  43.016        25       0    FRM    2
00066( I )   32552   24  41.313  41.919  42.810        25       0    FRM    2
00068( I )   32056   24  41.284  41.934  43.069        26       0    FRM    2
00070( I )   31832   24  41.328  41.767  43.243        25       0    FRM    2
00072( I )   31984   24  41.235  41.807  42.934        25       0    FRM    2
00074( I )   32168   24  41.355  41.841  42.920        24       0    FRM    2
00076( I )   32136   24  41.314  41.767  43.159        25       0    FRM    2
00078( I )   31664   24  41.272  41.670  42.967        25       0    FRM    2
00080( I )   31720   24  41.329  41.732  43.158        26       0    FRM    2
00082( I )   31968   24  41.289  41.707  42.856        27       0    FRM    2
00084( I )   31952   24  41.341  41.776  42.877        26       0    FRM    2
00086( I )   32096   24  41.278  41.744  42.996        28       0    FRM    2
00088( I )   31928   24  41.326  41.691  42.860        25       0    FRM    2
00090( I )   31720   24  41.346  41.857  42.795        26       0    FRM    2
00092( I )   31888   24  41.348  41.698  42.962        25       0    FRM    2
00094( I )   31904   24  41.287  41.749  43.278        25       0    FRM    2
00096( I )   31768   24  41.328  41.878  43.013        24       0    FRM    2
00098( I )   31784   24  41.328  41.704  42.861        25       0    FRM    2
00100( I )   32128   24  41.250  42.006  43.101        26       0    FRM    2
00102( I )   32272   24  41.312  41.884  43.019        27       0    FRM    2
00104( I )   32000   24  41.332  41.832  42.964        25       0    FRM    2
00106( I )   32048   24  41.299  41.941  42.807        25       0    FRM    2
00108( I )   32040   24  41.338  41.905  42.936        25       0    FRM    2
00110( I )   32072   24  41.339  41.826  42.819        25       0    FRM    2
00112( I )   31960   24  41.365  42.210  43.061        25       0    FRM    2
00114( I )   32096   24  41.353  41.787  42.840        24       0    FRM    2
00116( I )   32144   24  41.344  41.810  42.989        26       0    FRM    2
00118( I )   31792   24  41.324  41.911  42.858        26       0    FRM    2
00120( I )   32232   24  41.355  41.811  43.021        25       0    FRM    2
00122( I )   32200   24  41.295  41.831  42.871        25       0    FRM    2
00124( I )   32328   24  41.368  41.923  43.022        25       0    FRM    2
00126( I )   31664   24  41.304  41.816  42.900        25       0    FRM    2
00128( I )   31936   24  41.327  41.805  43.084        26       0    FRM    2
00130( I )   31752   24  41.298  41.731  43.019        25       0    FRM    2
00132( I )   31784   24  41.315  41.908  42.916        26       0    FRM    2
00134( I )   31912   24  41.263  41.859  43.083        26       0    FRM    2
00136( I )   31944   24  41.336  41.668  42.891        25       0    FRM    2
00138( I )   31920   24  41.302  41.799  42.913        25       0    FRM    2
00140( I )   32224   24  41.282  41.868  43.025        26       0    FRM    2
00142( I )   31776   24  41.299  41.795  42.972        25       0    FRM    2
00144( I )   31744   24  41.406  41.809  42.944        24       0    FRM    2
00146( I )   31672   24  41.331  41.754  42.976        25       0    FRM    2
00148( I )   31792   24  41.312  41.742  43.193        25       0    FRM    2
-------------------------------------------------------------------------------
 Total Frames:  75 
 LeakyBucketRate File does not exist. Using rate calculated from avg. rate 
 Number Leaky Buckets: 8 
     Rmin     Bmin     Fmin 
   480300    43960    34960 
   600375    33056    29664 
   720450    33056    29664 
   840525    33056    29664 
   960600    33056    29664 
  1080675    33056    29664 
  1200750    33056    29664 
  1320825    33056    29664 
------------------ Average data all frames  -----------------------------------

 Total encoding time for the seq.  :   2.008 sec (37.35 fps)
 Total ME time for sequence        :   0.000 sec 

 Y { PSNR (dB), cSNR (dB), MSE }   : {  41.304,  41.304,   4.81592 }
 U { PSNR (dB), cSNR (dB), MSE }   : {  41.816,  41.814,   4.28224 }
 V { PSNR (dB), cSNR (dB), MSE }   : {  42.992,  42.990,   3.26634 }

 Total bits                        : 2401720 (I 2401544, P 0, NVB 176) 
 Bit rate (kbit/s)  @ 15.00 Hz     : 480.34
 Bits to avoid Startcode Emulation : 597 
 Bits for parameter sets           : 176 
 Bits for filler data              : 0 

-------------------------------------------------------------------------------
Exit JM 18 (FRExt) encoder ver 18.1 
