g:\opensourcecode\opendvcbaseddac\dvcbaseddac3\decoder\debug\vc141.pdb
g:\opensourcecode\opendvcbaseddac\dvcbaseddac3\decoder\debug\vc141.idb
g:\opensourcecode\opendvcbaseddac\dvcbaseddac3\decoder\debug\sideinformation.obj
g:\opensourcecode\opendvcbaseddac\dvcbaseddac3\decoder\debug\main.obj
g:\opensourcecode\opendvcbaseddac\dvcbaseddac3\decoder\debug\decoder.obj
g:\opensourcecode\opendvcbaseddac\dvcbaseddac3\decoder\debug\corrmodel.obj
g:\opensourcecode\opendvcbaseddac\dvcbaseddac3\decoder\debug\transform.obj
g:\opensourcecode\opendvcbaseddac\dvcbaseddac3\decoder\debug\codec.obj
g:\opensourcecode\opendvcbaseddac\dvcbaseddac3\decoder\debug\bitstream.obj
g:\opensourcecode\opendvcbaseddac\dvcbaseddac3\debug\decoder.pdb
g:\opensourcecode\opendvcbaseddac\dvcbaseddac3\decoder\debug\decoder.tlog\cl.command.1.tlog
g:\opensourcecode\opendvcbaseddac\dvcbaseddac3\decoder\debug\decoder.tlog\cl.read.1.tlog
g:\opensourcecode\opendvcbaseddac\dvcbaseddac3\decoder\debug\decoder.tlog\cl.write.1.tlog
g:\opensourcecode\opendvcbaseddac\dvcbaseddac3\decoder\debug\decoder.tlog\link-cvtres.read.1.tlog
g:\opensourcecode\opendvcbaseddac\dvcbaseddac3\decoder\debug\decoder.tlog\link-cvtres.write.1.tlog
g:\opensourcecode\opendvcbaseddac\dvcbaseddac3\decoder\debug\decoder.tlog\link-rc.read.1.tlog
g:\opensourcecode\opendvcbaseddac\dvcbaseddac3\decoder\debug\decoder.tlog\link-rc.write.1.tlog
g:\opensourcecode\opendvcbaseddac\dvcbaseddac3\decoder\debug\decoder.tlog\link.command.1.tlog
g:\opensourcecode\opendvcbaseddac\dvcbaseddac3\decoder\debug\decoder.tlog\link.read.1.tlog
g:\opensourcecode\opendvcbaseddac\dvcbaseddac3\decoder\debug\decoder.tlog\link.write.1.tlog
